<?xml version="1.0" encoding="UTF-8"?>
<persistence version="1.0"
             xmlns="http://java.sun.com/xml/ns/persistence"
             xmlns:xsi="http://www.w3.org/2001/XMLSchema-instance"
             xsi:schemaLocation="http://java.sun.com/xml/ns/persistence http://java.sun.com/xml/ns/persistence/persistence_1_0.xsd">
    <persistence-unit name="betdb">
        <jta-data-source>java:jboss/datasources/BettingDS</jta-data-source>
        <class>com.kk.betting.datamodel.Bookmaker</class>
        <class>com.kk.betting.datamodel.Team</class>
        <class>com.kk.betting.datamodel.Match</class>
        <class>com.kk.betting.datamodel.MatchOdd</class>
        <class>com.kk.betting.datamodel.Bettor</class>
        <class>com.kk.betting.datamodel.BettingEvent</class>
        <class>com.kk.betting.datamodel.BettingProposalSource</class>
        <class>com.kk.betting.datamodel.BettingProposalSourceMatch</class>
        <exclude-unlisted-classes>false</exclude-unlisted-classes>
        <properties>
            <!--property name="hibernate.show_sql" value="true"/-->
            <property name="hibernate.format_sql" value="true"/>
            <property name="hibernate.use_sql_comments" value="true"/>
        </properties>

    </persistence-unit>

</persistence>